Arguments: 
  /Users/tsuyoshi/.nodebrew/node/v16.17.0/bin/node /Users/tsuyoshi/.nodebrew/current/bin/yarn add pupperteer

PATH: 
  /Users/tsuyoshi/.nodebrew/current/bin:/Users/tsuyoshi/.pyenv/shims:/usr/local/opt/mysql@5.7/bin:/Users/tsuyoshi/.rbenv/shims:/usr/local/bin:/System/Cryptexes/App/usr/bin:/usr/bin:/bin:/usr/sbin:/sbin

Yarn version: 
  1.22.19

Node version: 
  16.17.0

Platform: 
  darwin x64

Trace: 
  Error: https://registry.yarnpkg.com/pupperteer: Not found
      at Request.params.callback [as _callback] (/Users/tsuyoshi/.nodebrew/node/v16.17.0/lib/node_modules/yarn/lib/cli.js:66145:18)
      at Request.self.callback (/Users/tsuyoshi/.nodebrew/node/v16.17.0/lib/node_modules/yarn/lib/cli.js:140890:22)
      at Request.emit (node:events:513:28)
      at Request.<anonymous> (/Users/tsuyoshi/.nodebrew/node/v16.17.0/lib/node_modules/yarn/lib/cli.js:141862:10)
      at Request.emit (node:events:513:28)
      at IncomingMessage.<anonymous> (/Users/tsuyoshi/.nodebrew/node/v16.17.0/lib/node_modules/yarn/lib/cli.js:141784:12)
      at Object.onceWrapper (node:events:627:28)
      at IncomingMessage.emit (node:events:525:35)
      at endReadableNT (node:internal/streams/readable:1358:12)
      at processTicksAndRejections (node:internal/process/task_queues:83:21)

npm manifest: 
  No manifest

yarn manifest: 
  No manifest

Lockfile: 
  No lockfile
